<?xml version="1.0" encoding="UTF-8"?>
<testng-results ignored="0" total="1" passed="1" failed="0" skipped="0">
  <reporter-output>
  </reporter-output>
  <suite started-at="2023-06-07T14:12:10 IST" name="Default suite" finished-at="2023-06-07T14:12:44 IST" duration-ms="33825">
    <groups>
    </groups>
    <test started-at="2023-06-07T14:12:10 IST" name="Default test" finished-at="2023-06-07T14:12:44 IST" duration-ms="33825">
      <class name="org.Manipal.test.testCasesDemoWebsite">
        <test-method is-config="true" signature="initialSetup()[pri:0, instance:org.Manipal.test.testCasesDemoWebsite@235ecd9f]" started-at="2023-06-07T14:12:10 IST" name="initialSetup" finished-at="2023-06-07T14:12:37 IST" duration-ms="26518" status="PASS">
          <reporter-output>
          </reporter-output>
        </test-method> <!-- initialSetup -->
        <test-method signature="scenario()[pri:0, instance:org.Manipal.test.testCasesDemoWebsite@235ecd9f]" started-at="2023-06-07T14:12:37 IST" name="scenario" finished-at="2023-06-07T14:12:44 IST" duration-ms="7258" status="PASS">
          <reporter-output>
          </reporter-output>
        </test-method> <!-- scenario -->
      </class> <!-- org.Manipal.test.testCasesDemoWebsite -->
    </test> <!-- Default test -->
  </suite> <!-- Default suite -->
</testng-results>
